{
  service: 'user-service',
  level: 'error',
  message: 'Failed to connect Database The `uri` parameter to `openUri()` must be a string, got "undefined". Make sure the first parameter to `mongoose.connect()` or `mongoose.createConnection()` is a string.',
  stack: 'MongooseError: The `uri` parameter to `openUri()` must be a string, got "undefined". Make sure the first parameter to `mongoose.connect()` or `mongoose.createConnection()` is a string.\n' +
    '    at _createMongoClient (I:\\Advance Development\\university-management-auth-service\\node_modules\\mongoose\\lib\\connection.js:805:11)\n' +
    '    at NativeConnection.openUri (I:\\Advance Development\\university-management-auth-service\\node_modules\\mongoose\\lib\\connection.js:742:29)\n' +
    '    at Mongoose.connect (I:\\Advance Development\\university-management-auth-service\\node_modules\\mongoose\\lib\\index.js:406:15)\n' +
    '    at I:\\Advance Development\\university-management-auth-service\\src\\server.ts:8:20\n' +
    '    at Generator.next (<anonymous>)\n' +
    '    at I:\\Advance Development\\university-management-auth-service\\src\\server.ts:8:71\n' +
    '    at new Promise (<anonymous>)\n' +
    '    at __awaiter (I:\\Advance Development\\university-management-auth-service\\src\\server.ts:4:12)\n' +
    '    at bootstrap (I:\\Advance Development\\university-management-auth-service\\src\\server.ts:20:12)\n' +
    '    at Object.<anonymous> (I:\\Advance Development\\university-management-auth-service\\src\\server.ts:19:1)',
  label: 'Error',
  timestamp: '2023-06-14T13:04:09.401Z'
}
{
  service: 'user-service',
  level: 'error',
  message: 'Failed to connect Database The `uri` parameter to `openUri()` must be a string, got "undefined". Make sure the first parameter to `mongoose.connect()` or `mongoose.createConnection()` is a string.',
  stack: 'MongooseError: The `uri` parameter to `openUri()` must be a string, got "undefined". Make sure the first parameter to `mongoose.connect()` or `mongoose.createConnection()` is a string.\n' +
    '    at _createMongoClient (I:\\Advance Development\\university-management-auth-service\\node_modules\\mongoose\\lib\\connection.js:805:11)\n' +
    '    at NativeConnection.openUri (I:\\Advance Development\\university-management-auth-service\\node_modules\\mongoose\\lib\\connection.js:742:29)\n' +
    '    at Mongoose.connect (I:\\Advance Development\\university-management-auth-service\\node_modules\\mongoose\\lib\\index.js:406:15)\n' +
    '    at I:\\Advance Development\\university-management-auth-service\\src\\server.ts:8:20\n' +
    '    at Generator.next (<anonymous>)\n' +
    '    at I:\\Advance Development\\university-management-auth-service\\src\\server.ts:8:71\n' +
    '    at new Promise (<anonymous>)\n' +
    '    at __awaiter (I:\\Advance Development\\university-management-auth-service\\src\\server.ts:4:12)\n' +
    '    at bootstrap (I:\\Advance Development\\university-management-auth-service\\src\\server.ts:20:12)\n' +
    '    at Object.<anonymous> (I:\\Advance Development\\university-management-auth-service\\src\\server.ts:19:1)',
  label: 'Error',
  timestamp: '2023-06-14T13:04:10.861Z'
}
