{
  stringValue: '"64a8f491142a94871699bec"',
  messageFormat: undefined,
  kind: 'ObjectId',
  value: '64a8f491142a94871699bec',
  path: '_id',
  reason: BSONError: Argument passed in must be a string of 12 bytes or a string of 24 hex characters or an integer
      at new ObjectId (I:\Advance Development\university-management-auth-service\node_modules\bson\src\objectid.ts:88:15)
      at castObjectId (I:\Advance Development\university-management-auth-service\node_modules\mongoose\lib\cast\objectid.js:25:12)
      at ObjectId.cast (I:\Advance Development\university-management-auth-service\node_modules\mongoose\lib\schema\objectid.js:246:12)
      at ObjectId.SchemaType.applySetters (I:\Advance Development\university-management-auth-service\node_modules\mongoose\lib\schematype.js:1204:12)
      at ObjectId.SchemaType.castForQuery (I:\Advance Development\university-management-auth-service\node_modules\mongoose\lib\schematype.js:1616:15)
      at cast (I:\Advance Development\university-management-auth-service\node_modules\mongoose\lib\cast.js:348:32)
      at model.Query.Query.cast (I:\Advance Development\university-management-auth-service\node_modules\mongoose\lib\query.js:4874:12)
      at model.Query.Query._castConditions (I:\Advance Development\university-management-auth-service\node_modules\mongoose\lib\query.js:2210:10)
      at model.Query._findOne (I:\Advance Development\university-management-auth-service\node_modules\mongoose\lib\query.js:2497:8)
      at model.Query.exec (I:\Advance Development\university-management-auth-service\node_modules\mongoose\lib\query.js:4404:28),
  valueType: 'string',
  model: Model { AcademicSemester },
  level: 'error',
  service: 'user-service',
  label: 'Error',
  timestamp: '2023-07-08T08:37:48.299Z'
}
{
  stringValue: '"64a8f491142a94871699bec"',
  messageFormat: undefined,
  kind: 'ObjectId',
  value: '64a8f491142a94871699bec',
  path: '_id',
  reason: BSONError: Argument passed in must be a string of 12 bytes or a string of 24 hex characters or an integer
      at new ObjectId (I:\Advance Development\university-management-auth-service\node_modules\bson\src\objectid.ts:88:15)
      at castObjectId (I:\Advance Development\university-management-auth-service\node_modules\mongoose\lib\cast\objectid.js:25:12)
      at ObjectId.cast (I:\Advance Development\university-management-auth-service\node_modules\mongoose\lib\schema\objectid.js:246:12)
      at ObjectId.SchemaType.applySetters (I:\Advance Development\university-management-auth-service\node_modules\mongoose\lib\schematype.js:1204:12)
      at ObjectId.SchemaType.castForQuery (I:\Advance Development\university-management-auth-service\node_modules\mongoose\lib\schematype.js:1616:15)
      at cast (I:\Advance Development\university-management-auth-service\node_modules\mongoose\lib\cast.js:348:32)
      at model.Query.Query.cast (I:\Advance Development\university-management-auth-service\node_modules\mongoose\lib\query.js:4874:12)
      at model.Query.Query._castConditions (I:\Advance Development\university-management-auth-service\node_modules\mongoose\lib\query.js:2210:10)
      at model.Query._findOne (I:\Advance Development\university-management-auth-service\node_modules\mongoose\lib\query.js:2497:8)
      at model.Query.exec (I:\Advance Development\university-management-auth-service\node_modules\mongoose\lib\query.js:4404:28),
  valueType: 'string',
  model: Model { AcademicSemester },
  level: 'error',
  service: 'user-service',
  label: 'Error',
  timestamp: '2023-07-08T08:37:48.299Z'
}
{
  stringValue: '"64a8f491142a94871699bec"',
  messageFormat: undefined,
  kind: 'ObjectId',
  value: '64a8f491142a94871699bec',
  path: '_id',
  reason: BSONError: Argument passed in must be a string of 12 bytes or a string of 24 hex characters or an integer
      at new ObjectId (I:\Advance Development\university-management-auth-service\node_modules\bson\src\objectid.ts:88:15)
      at castObjectId (I:\Advance Development\university-management-auth-service\node_modules\mongoose\lib\cast\objectid.js:25:12)
      at ObjectId.cast (I:\Advance Development\university-management-auth-service\node_modules\mongoose\lib\schema\objectid.js:246:12)
      at ObjectId.SchemaType.applySetters (I:\Advance Development\university-management-auth-service\node_modules\mongoose\lib\schematype.js:1204:12)
      at ObjectId.SchemaType.castForQuery (I:\Advance Development\university-management-auth-service\node_modules\mongoose\lib\schematype.js:1616:15)
      at cast (I:\Advance Development\university-management-auth-service\node_modules\mongoose\lib\cast.js:348:32)
      at model.Query.Query.cast (I:\Advance Development\university-management-auth-service\node_modules\mongoose\lib\query.js:4874:12)
      at model.Query.Query._castConditions (I:\Advance Development\university-management-auth-service\node_modules\mongoose\lib\query.js:2210:10)
      at model.Query._findOne (I:\Advance Development\university-management-auth-service\node_modules\mongoose\lib\query.js:2497:8)
      at model.Query.exec (I:\Advance Development\university-management-auth-service\node_modules\mongoose\lib\query.js:4404:28),
  valueType: 'string',
  model: Model { AcademicSemester },
  level: 'error',
  service: 'user-service',
  label: 'Error',
  timestamp: '2023-07-08T08:40:30.447Z'
}
{
  stringValue: '"64a8f491142a94871699bec"',
  messageFormat: undefined,
  kind: 'ObjectId',
  value: '64a8f491142a94871699bec',
  path: '_id',
  reason: BSONError: Argument passed in must be a string of 12 bytes or a string of 24 hex characters or an integer
      at new ObjectId (I:\Advance Development\university-management-auth-service\node_modules\bson\src\objectid.ts:88:15)
      at castObjectId (I:\Advance Development\university-management-auth-service\node_modules\mongoose\lib\cast\objectid.js:25:12)
      at ObjectId.cast (I:\Advance Development\university-management-auth-service\node_modules\mongoose\lib\schema\objectid.js:246:12)
      at ObjectId.SchemaType.applySetters (I:\Advance Development\university-management-auth-service\node_modules\mongoose\lib\schematype.js:1204:12)
      at ObjectId.SchemaType.castForQuery (I:\Advance Development\university-management-auth-service\node_modules\mongoose\lib\schematype.js:1616:15)
      at cast (I:\Advance Development\university-management-auth-service\node_modules\mongoose\lib\cast.js:348:32)
      at model.Query.Query.cast (I:\Advance Development\university-management-auth-service\node_modules\mongoose\lib\query.js:4874:12)
      at model.Query.Query._castConditions (I:\Advance Development\university-management-auth-service\node_modules\mongoose\lib\query.js:2210:10)
      at model.Query._findOne (I:\Advance Development\university-management-auth-service\node_modules\mongoose\lib\query.js:2497:8)
      at model.Query.exec (I:\Advance Development\university-management-auth-service\node_modules\mongoose\lib\query.js:4404:28),
  valueType: 'string',
  model: Model { AcademicSemester },
  level: 'error',
  service: 'user-service',
  label: 'Error',
  timestamp: '2023-07-08T08:40:30.447Z'
}
{
  stringValue: '"64a8f491142a94871699bec"',
  messageFormat: undefined,
  kind: 'ObjectId',
  value: '64a8f491142a94871699bec',
  path: '_id',
  reason: BSONError: Argument passed in must be a string of 12 bytes or a string of 24 hex characters or an integer
      at new ObjectId (I:\Advance Development\university-management-auth-service\node_modules\bson\src\objectid.ts:88:15)
      at castObjectId (I:\Advance Development\university-management-auth-service\node_modules\mongoose\lib\cast\objectid.js:25:12)
      at ObjectId.cast (I:\Advance Development\university-management-auth-service\node_modules\mongoose\lib\schema\objectid.js:246:12)
      at ObjectId.SchemaType.applySetters (I:\Advance Development\university-management-auth-service\node_modules\mongoose\lib\schematype.js:1204:12)
      at ObjectId.SchemaType.castForQuery (I:\Advance Development\university-management-auth-service\node_modules\mongoose\lib\schematype.js:1616:15)
      at cast (I:\Advance Development\university-management-auth-service\node_modules\mongoose\lib\cast.js:348:32)
      at model.Query.Query.cast (I:\Advance Development\university-management-auth-service\node_modules\mongoose\lib\query.js:4874:12)
      at model.Query.Query._castConditions (I:\Advance Development\university-management-auth-service\node_modules\mongoose\lib\query.js:2210:10)
      at model.Query._findOne (I:\Advance Development\university-management-auth-service\node_modules\mongoose\lib\query.js:2497:8)
      at model.Query.exec (I:\Advance Development\university-management-auth-service\node_modules\mongoose\lib\query.js:4404:28),
  valueType: 'string',
  model: Model { AcademicSemester },
  level: 'error',
  service: 'user-service',
  label: 'Error',
  timestamp: '2023-07-08T08:40:52.051Z'
}
{
  stringValue: '"64a8f491142a94871699bec"',
  messageFormat: undefined,
  kind: 'ObjectId',
  value: '64a8f491142a94871699bec',
  path: '_id',
  reason: BSONError: Argument passed in must be a string of 12 bytes or a string of 24 hex characters or an integer
      at new ObjectId (I:\Advance Development\university-management-auth-service\node_modules\bson\src\objectid.ts:88:15)
      at castObjectId (I:\Advance Development\university-management-auth-service\node_modules\mongoose\lib\cast\objectid.js:25:12)
      at ObjectId.cast (I:\Advance Development\university-management-auth-service\node_modules\mongoose\lib\schema\objectid.js:246:12)
      at ObjectId.SchemaType.applySetters (I:\Advance Development\university-management-auth-service\node_modules\mongoose\lib\schematype.js:1204:12)
      at ObjectId.SchemaType.castForQuery (I:\Advance Development\university-management-auth-service\node_modules\mongoose\lib\schematype.js:1616:15)
      at cast (I:\Advance Development\university-management-auth-service\node_modules\mongoose\lib\cast.js:348:32)
      at model.Query.Query.cast (I:\Advance Development\university-management-auth-service\node_modules\mongoose\lib\query.js:4874:12)
      at model.Query.Query._castConditions (I:\Advance Development\university-management-auth-service\node_modules\mongoose\lib\query.js:2210:10)
      at model.Query._findOne (I:\Advance Development\university-management-auth-service\node_modules\mongoose\lib\query.js:2497:8)
      at model.Query.exec (I:\Advance Development\university-management-auth-service\node_modules\mongoose\lib\query.js:4404:28),
  valueType: 'string',
  model: Model { AcademicSemester },
  level: 'error',
  service: 'user-service',
  label: 'Error',
  timestamp: '2023-07-08T08:40:52.051Z'
}
